[21:18:27] [main/INFO] ========================================
[21:18:27] [main/INFO] Minecraft: 1.19.2
[21:18:27] [main/INFO] Side: server
[21:18:27] [main/INFO] Development: false
[21:18:27] [main/INFO] Version: 9.2.784
[21:18:27] [main/INFO] Loader:
[21:18:27] [main/INFO] - Fabric: 0.16.9
[21:18:27] [main/INFO] - Fabric API: 0.77.0+1.19.2
[21:18:27] [main/INFO] Dependencies:
[21:18:27] [main/INFO] - Cloth Config: 8.3.134
[21:18:27] [main/INFO] - Architectury: 6.6.92
[21:18:27] [main/INFO] Mixin: 0.8.7
[21:18:27] [main/INFO] OS: Windows 10 10.0 (amd64)
[21:18:27] [main/INFO] Java: 22.0.1 (Oracle Corporation)
[21:18:27] [main/INFO] ========================================
[21:18:27] [main/INFO] Mods:
[21:18:27] [main/INFO] - advdebug: 2.3.0
[21:18:27] [main/INFO] - architectury: 6.6.92
[21:18:27] [main/INFO] - at_favre_lib_bcrypt: 0.9.0
[21:18:27] [main/INFO] - at_favre_lib_bytes: 1.5.0
[21:18:27] [main/INFO] - carpet: 1.4.84
[21:18:27] [main/INFO] - carpet-extra: 1.4.84
[21:18:27] [main/INFO] - carpet-tctc-addition: 2.2.212+46263e3-stable
[21:18:27] [main/INFO] - carpet-tctc-addition-1_19_2: 2.2.212+46263e3-stable
[21:18:27] [main/INFO] - carpet-tis-addition: 1.59.0
[21:18:27] [main/INFO] - carpetskyadditions: 1.19.2-4.2.0
[21:18:27] [main/INFO] - chunksending: 1.19.2-2.8
[21:18:27] [main/INFO] - chunky: 1.3.38
[21:18:27] [main/INFO] - cloth-basic-math: 0.6.1
[21:18:27] [main/INFO] - cloth-config: 8.3.134
[21:18:27] [main/INFO] - cloth-config: 8.3.134
[21:18:27] [main/INFO] - collective: 7.64
[21:18:27] [main/INFO] - com_electronwill_night-config_core: 3.6.4
[21:18:27] [main/INFO] - com_electronwill_night-config_toml: 3.6.4
[21:18:27] [main/INFO] - com_moandjiezana_toml_toml4j: 0.7.2
[21:18:27] [main/INFO] - com_mysql_mysql-connector-j: 8.0.33
[21:18:27] [main/INFO] - conditional-mixin: 0.6.2
[21:18:27] [main/INFO] - cupboard: 1.19.2-2.6
[21:18:27] [main/INFO] - de_mkammerer_argon2-jvm: 2.11
[21:18:27] [main/INFO] - de_mkammerer_argon2-jvm-nolibs: 2.11
[21:18:27] [main/INFO] - deathquotes: 3.3
[21:18:27] [main/INFO] - easyauth: 3.0.19
[21:18:27] [main/INFO] - error_notifier: 1.0.9
[21:18:27] [main/INFO] - essentialaddons: 1.2.2
[21:18:27] [main/INFO] - expanded_axe_enchanting: 1.0.4
[21:18:27] [main/INFO] - expanded_trident_enchanting: 1.0.4
[21:18:27] [main/INFO] - expanded_weapon_enchanting: 1.0.3
[21:18:27] [main/INFO] - fabric-api: 0.77.0+1.19.2
[21:18:27] [main/INFO] - fabric-api: 0.77.0+1.19.2
[21:18:27] [main/INFO] - fabric-api-base: 0.4.15+8f4e8eb390
[21:18:27] [main/INFO] - fabric-api-lookup-api-v1: 1.6.14+93d8cb8290
[21:18:27] [main/INFO] - fabric-biome-api-v1: 9.1.1+16f1e31390
[21:18:27] [main/INFO] - fabric-block-api-v1: 1.0.2+e415d50e90
[21:18:27] [main/INFO] - fabric-command-api-v1: 1.2.16+f71b366f90
[21:18:27] [main/INFO] - fabric-command-api-v2: 2.2.1+413cbbc790
[21:18:27] [main/INFO] - fabric-commands-v0: 0.2.33+df3654b390
[21:18:27] [main/INFO] - fabric-containers-v0: 0.1.42+df3654b390
[21:18:27] [main/INFO] - fabric-content-registries-v0: 3.5.2+7c6cd14d90
[21:18:27] [main/INFO] - fabric-convention-tags-v1: 1.3.0+4bc6e26290
[21:18:27] [main/INFO] - fabric-crash-report-info-v1: 0.2.8+aeb40ebe90
[21:18:27] [main/INFO] - fabric-data-generation-api-v1: 5.3.9+413cbbc790
[21:18:27] [main/INFO] - fabric-dimensions-v1: 2.1.35+0d0f210290
[21:18:27] [main/INFO] - fabric-entity-events-v1: 1.5.4+9244241690
[21:18:27] [main/INFO] - fabric-events-interaction-v0: 0.4.34+562bff6e90
[21:18:27] [main/INFO] - fabric-events-lifecycle-v0: 0.2.36+df3654b390
[21:18:27] [main/INFO] - fabric-game-rule-api-v1: 1.0.24+b6b6abb490
[21:18:27] [main/INFO] - fabric-item-api-v1: 1.6.6+b7d1888890
[21:18:27] [main/INFO] - fabric-item-groups-v0: 0.3.39+9244241690
[21:18:27] [main/INFO] - fabric-language-kotlin: 1.12.3+kotlin.2.0.21
[21:18:27] [main/INFO] - fabric-lifecycle-events-v1: 2.2.4+1b46dc7890
[21:18:27] [main/INFO] - fabric-loot-api-v2: 1.1.13+83a8659290
[21:18:27] [main/INFO] - fabric-loot-tables-v1: 1.1.16+9e7660c690
[21:18:27] [main/INFO] - fabric-message-api-v1: 5.0.7+93d8cb8290
[21:18:27] [main/INFO] - fabric-mining-level-api-v1: 2.1.24+33fbc73890
[21:18:27] [main/INFO] - fabric-networking-api-v1: 1.2.12+def3f86d90
[21:18:27] [main/INFO] - fabric-networking-v0: 0.3.29+df3654b390
[21:18:27] [main/INFO] - fabric-object-builder-api-v1: 4.2.2+d8ef690890
[21:18:27] [main/INFO] - fabric-particles-v1: 1.1.0+ee641e7390
[21:18:27] [main/INFO] - fabric-permissions-api-v0: 0.2-SNAPSHOT
[21:18:27] [main/INFO] - fabric-recipe-api-v1: 1.0.2+413cbbc790
[21:18:27] [main/INFO] - fabric-registry-sync-v0: 0.9.33+9244241690
[21:18:27] [main/INFO] - fabric-rendering-data-attachment-v1: 0.3.19+6e0787e690
[21:18:27] [main/INFO] - fabric-rendering-fluids-v1: 3.0.11+4d0d570390
[21:18:27] [main/INFO] - fabric-resource-conditions-api-v1: 2.1.2+aae9039d90
[21:18:27] [main/INFO] - fabric-resource-loader-v0: 0.8.4+edbdcddb90
[21:18:27] [main/INFO] - fabric-screen-handler-api-v1: 1.3.8+1cc24b1b90
[21:18:27] [main/INFO] - fabric-transfer-api-v1: 2.1.6+413cbbc790
[21:18:27] [main/INFO] - fabric-transitive-access-wideners-v1: 1.3.3+08b73de490
[21:18:27] [main/INFO] - fabricloader: 0.16.9
[21:18:27] [main/INFO] - fastfurnace: 1.19.2-5
[21:18:27] [main/INFO] - gca: 2.6.0-1.19
[21:18:27] [main/INFO] - infinitetrading: 4.4
[21:18:27] [main/INFO] - java: 22
[21:18:27] [main/INFO] - jline4mcdsrv: 0.6.2
[21:18:27] [main/INFO] - kyrptconfig: 1.4.16-1.19
[21:18:27] [main/INFO] - magiclib: 0.8.633+eddde66-stable
[21:18:27] [main/INFO] - magiclib-1_19_2: 0.8.30+8d71d8f-stable
[21:18:27] [main/INFO] - magiclib_core: 0.8.133+4857a7d-stable
[21:18:27] [main/INFO] - magiclib_minecraft_api: 0.6.74+1c0a956-stable
[21:18:27] [main/INFO] - minecraft: 1.19.2
[21:18:27] [main/INFO] - mixinextras: 0.4.1
[21:18:27] [main/INFO] - net_java_dev_jna_jna: 5.12.1
[21:18:27] [main/INFO] - net_snackbag_shit_shit: 1.2.3
[21:18:27] [main/INFO] - noexpensive: 1.19.4-1.6.2
[21:18:27] [main/INFO] - org_iq80_leveldb_leveldb: 0.12
[21:18:27] [main/INFO] - org_iq80_leveldb_leveldb-api: 0.12
[21:18:27] [main/INFO] - org_jetbrains_kotlin_kotlin-reflect: 2.0.21
[21:18:27] [main/INFO] - org_jetbrains_kotlin_kotlin-stdlib: 2.0.21
[21:18:27] [main/INFO] - org_jetbrains_kotlin_kotlin-stdlib-jdk7: 2.0.21
[21:18:27] [main/INFO] - org_jetbrains_kotlin_kotlin-stdlib-jdk8: 2.0.21
[21:18:27] [main/INFO] - org_jetbrains_kotlinx_atomicfu-jvm: 0.25.0
[21:18:27] [main/INFO] - org_jetbrains_kotlinx_kotlinx-coroutines-core-jvm: 1.9.0
[21:18:27] [main/INFO] - org_jetbrains_kotlinx_kotlinx-coroutines-jdk8: 1.9.0
[21:18:27] [main/INFO] - org_jetbrains_kotlinx_kotlinx-datetime-jvm: 0.6.1
[21:18:27] [main/INFO] - org_jetbrains_kotlinx_kotlinx-io-bytestring-jvm: 0.5.4
[21:18:27] [main/INFO] - org_jetbrains_kotlinx_kotlinx-io-core-jvm: 0.5.4
[21:18:27] [main/INFO] - org_jetbrains_kotlinx_kotlinx-serialization-cbor-jvm: 1.7.3
[21:18:27] [main/INFO] - org_jetbrains_kotlinx_kotlinx-serialization-core-jvm: 1.7.3
[21:18:27] [main/INFO] - org_jetbrains_kotlinx_kotlinx-serialization-json-jvm: 1.7.3
[21:18:27] [main/INFO] - org_jline_jline: 3.26.2
[21:18:27] [main/INFO] - org_jline_jline-terminal-jansi: 3.26.2
[21:18:27] [main/INFO] - org_mongodb_bson: 4.7.2
[21:18:27] [main/INFO] - org_mongodb_mongodb-driver-core: 4.7.2
[21:18:27] [main/INFO] - org_mongodb_mongodb-driver-sync: 4.7.2
[21:18:27] [main/INFO] - packet_tweaker: 0.3.0+1.18.2
[21:18:27] [main/INFO] - pca-1_19_2: 0.3.190+9e97daa-beta
[21:18:27] [main/INFO] - placeholder-api: 2.0.0-beta.7+1.19
[21:18:27] [main/INFO] - quickshulker: 1.3.9-1.19
[21:18:27] [main/INFO] - quickteleports: 1.19-1.2.0
[21:18:27] [main/INFO] - restart-server: 1.2.0+mc1.19.x-1.20.x
[21:18:27] [main/INFO] - roughlyenoughitems: 9.2.784
[21:18:27] [main/INFO] - server_translations_api: 1.4.16+1.19
[21:18:27] [main/INFO] - servux: 0.1.0
[21:18:27] [main/INFO] - shulkerutils: 1.0.4-1.19
[21:18:27] [main/INFO] - smoothchunk: 1.19.2-3.5
[21:18:27] [main/INFO] - starlight: 1.1.1+fabric.ae22326
[21:18:27] [main/INFO] - tt20: 0.7.0
[21:18:27] [main/INFO] ========================================
[21:18:27] [main/INFO] [REI] Registered plugin provider DefaultPlugin [roughlyenoughitems] for REIPlugin
[21:18:27] [main/INFO] [REI] Registered plugin provider DefaultRuntimePlugin [roughlyenoughitems] for REIPlugin
[21:18:27] [main/INFO] [REI] Registered plugin provider DefaultPlugin [roughlyenoughitems] for REIServerPlugin
[21:18:27] [main/INFO] [REI] Registered plugin provider DefaultRuntimePlugin [roughlyenoughitems] for REIServerPlugin
[21:18:27] [main/INFO] [REI] Registered plugin provider FabricFluidAPISupportPlugin for REIServerPlugin
[21:18:27] [main/INFO] [REI] Registered plugin provider FabricFluidAPISupportPlugin for REIPlugin
